<?xml version="1.0" encoding="UTF-8"?>
<!-- Generated by org.testng.reporters.JUnitReportReporter -->
<testsuite hostname="LAPTOP-V8JRTM1P" failures="0" tests="1" name="TestingPackage.Open" time="2.904" errors="0" timestamp="2023-06-02T12:14:52 NZST" skipped="0">
  <testcase classname="TestingPackage.Open" name="openGoogle" time="2.904"/>
  <system-out/>
</testsuite> <!-- TestingPackage.Open -->
