<?xml version="1.0" encoding="UTF-8"?>
<!-- Generated by org.testng.reporters.JUnitReportReporter -->
<testsuite hostname="LAPTOP-V8JRTM1P" failures="0" tests="1" name="logintest.BothIncorrect" time="6.494" errors="0" timestamp="2023-06-13T11:54:21 NZST" skipped="0">
  <testcase classname="logintest.BothIncorrect" name="logindetails" time="6.494"/>
  <system-out/>
</testsuite> <!-- logintest.BothIncorrect -->
